{"/Users/yuchen/Projects/yci/custom-url-scheme/src/index.ts": {"path":"/Users/yuchen/Projects/yci/custom-url-scheme/src/index.ts","statementMap":{"0":{"start":{"line":1,"column":0},"end":{"line":1,"column":61}},"1":{"start":{"line":2,"column":0},"end":{"line":2,"column":46}},"2":{"start":{"line":3,"column":0},"end":{"line":3,"column":43}},"3":{"start":{"line":5,"column":0},"end":{"line":5,"column":26}},"4":{"start":{"line":12,"column":13},"end":{"line":null,"column":-1}},"5":{"start":{"line":12,"column":13},"end":{"line":12,"column":34}}},"fnMap":{"0":{"name":"(anonymous_2)","decl":{"start":{"line":13,"column":2},"end":{"line":13,"column":8}},"loc":{"start":{"line":13,"column":9},"end":{"line":18,"column":3}}}},"branchMap":{},"s":{"0":1,"1":1,"2":1,"3":1,"4":1,"5":1},"f":{"0":2},"b":{}}
,"/Users/yuchen/Projects/yci/custom-url-scheme/src/service.ts": {"path":"/Users/yuchen/Projects/yci/custom-url-scheme/src/service.ts","statementMap":{"0":{"start":{"line":1,"column":0},"end":{"line":1,"column":42}},"1":{"start":{"line":2,"column":0},"end":{"line":2,"column":38}},"2":{"start":{"line":8,"column":10},"end":{"line":11,"column":7}},"3":{"start":{"line":14,"column":4},"end":{"line":32,"column":5}},"4":{"start":{"line":15,"column":21},"end":{"line":15,"column":30}},"5":{"start":{"line":16,"column":19},"end":{"line":16,"column":24}},"6":{"start":{"line":17,"column":12},"end":{"line":22,"column":11}},"7":{"start":{"line":18,"column":18},"end":{"line":18,"column":19}},"8":{"start":{"line":20,"column":10},"end":{"line":20,"column":41}},"9":{"start":{"line":21,"column":10},"end":{"line":21,"column":17}},"10":{"start":{"line":23,"column":6},"end":{"line":31,"column":7}},"11":{"start":{"line":24,"column":8},"end":{"line":30,"column":9}},"12":{"start":{"line":40,"column":4},"end":{"line":40,"column":25}},"13":{"start":{"line":41,"column":4},"end":{"line":41,"column":18}},"14":{"start":{"line":7,"column":13},"end":{"line":null,"column":-1}},"15":{"start":{"line":7,"column":13},"end":{"line":7,"column":28}}},"fnMap":{"0":{"name":"(anonymous_2)","decl":{"start":{"line":13,"column":2},"end":{"line":null,"column":-1}},"loc":{"start":{"line":13,"column":2},"end":{"line":33,"column":3}}},"1":{"name":"(anonymous_3)","decl":{"start":{"line":14,"column":28},"end":{"line":14,"column":26}},"loc":{"start":{"line":14,"column":27},"end":{"line":32,"column":5}}},"2":{"name":"(anonymous_4)","decl":{"start":{"line":18,"column":18},"end":{"line":18,"column":19}},"loc":{"start":{"line":18,"column":18},"end":{"line":18,"column":19}}},"3":{"name":"(anonymous_5)","decl":{"start":{"line":19,"column":20},"end":{"line":null,"column":-1}},"loc":{"start":{"line":19,"column":20},"end":{"line":17,"column":20}}},"4":{"name":"(anonymous_6)","decl":{"start":{"line":35,"column":9},"end":{"line":35,"column":12}},"loc":{"start":{"line":35,"column":13},"end":{"line":42,"column":3}}}},"branchMap":{"0":{"loc":{"start":{"line":24,"column":8},"end":{"line":30,"column":9}},"type":"if","locations":[{"start":{"line":24,"column":8},"end":{"line":30,"column":9}},{"start":{"line":24,"column":8},"end":{"line":30,"column":9}}]}},"s":{"0":1,"1":1,"2":2,"3":2,"4":3,"5":3,"6":3,"7":3,"8":3,"9":3,"10":3,"11":3,"12":1,"13":1,"14":1,"15":1},"f":{"0":2,"1":3,"2":3,"3":3,"4":1},"b":{"0":[2,1]}}
}
