TN:
SF:/Users/yuchen/Projects/yci/custom-url-scheme/src/index.ts
FN:13,(anonymous_2)
FNF:1
FNH:1
FNDA:2,(anonymous_2)
DA:1,1
DA:2,1
DA:3,1
DA:5,1
DA:12,1
LF:5
LH:5
BRF:0
BRH:0
end_of_record
TN:
SF:/Users/yuchen/Projects/yci/custom-url-scheme/src/service.ts
FN:13,(anonymous_2)
FN:14,(anonymous_3)
FN:18,(anonymous_4)
FN:19,(anonymous_5)
FN:35,(anonymous_6)
FNF:5
FNH:5
FNDA:2,(anonymous_2)
FNDA:3,(anonymous_3)
FNDA:3,(anonymous_4)
FNDA:3,(anonymous_5)
FNDA:1,(anonymous_6)
DA:1,1
DA:2,1
DA:7,1
DA:8,2
DA:14,2
DA:15,3
DA:16,3
DA:17,3
DA:18,3
DA:20,3
DA:21,3
DA:23,3
DA:24,3
DA:40,1
DA:41,1
LF:15
LH:15
BRDA:24,0,0,2
BRDA:24,0,1,1
BRF:2
BRH:2
end_of_record
